Using pre-set license
Built from '2020.3/china_unity/release' branch; Version is '2020.3.0f1c1 (1e553bf703d9) revision 1987899'; Using compiler version '192528614'; Build Type 'Release'
OS: 'Windows 10 Pro; OS build 19043.1110; Version 2009; 64bit' Language: 'zh' Physical Memory: 16313 MB
BatchMode: 1, IsHumanControllingUs: 0, StartBugReporterOnCrash: 0, Is64bit: 1, IsPro: 0

 COMMAND LINE ARGUMENTS:
D:\Unity\Editor\2020.3.0f1c1\Editor\Unity.exe
-adb2
-batchMode
-noUpm
-name
AssetImportWorker0
-projectPath
D:/U3dProgram/Hollow Kinght
-logFile
Logs/AssetImportWorker0.log
-srvPort
59575
Successfully changed project path to: D:/U3dProgram/Hollow Kinght
D:/U3dProgram/Hollow Kinght
Using Asset Import Pipeline V2.
Refreshing native plugins compatible for Editor in 49.24 ms, found 0 plugins.
Preloading 0 native plugins for Editor in 0.00 ms.
Initialize engine version: 2020.3.0f1c1 (1e553bf703d9)
[Subsystems] Discovering subsystems at path D:/Unity/Editor/2020.3.0f1c1/Editor/Data/Resources/UnitySubsystems
[Subsystems] Discovering subsystems at path D:/U3dProgram/Hollow Kinght/Assets
GfxDevice: creating device client; threaded=0
Direct3D:
    Version:  Direct3D 11.0 [level 11.1]
    Renderer: NVIDIA GeForce RTX 2060 (ID=0x1f08)
    Vendor:   
    VRAM:     5980 MB
    Driver:   27.21.14.5709
Initialize mono
Mono path[0] = 'D:/Unity/Editor/2020.3.0f1c1/Editor/Data/Managed'
Mono path[1] = 'D:/Unity/Editor/2020.3.0f1c1/Editor/Data/MonoBleedingEdge/lib/mono/unityjit'
Mono config path = 'D:/Unity/Editor/2020.3.0f1c1/Editor/Data/MonoBleedingEdge/etc'
Using monoOptions --debugger-agent=transport=dt_socket,embedding=1,server=y,suspend=n,address=127.0.0.1:56240
Begin MonoManager ReloadAssembly
Registering precompiled unity dll's ...
Register platform support module: D:/Unity/Editor/2020.3.0f1c1/Editor/Data/PlaybackEngines/WindowsStandaloneSupport/UnityEditor.WindowsStandalone.Extensions.dll
Registered in 0.001443 seconds.
Native extension for WindowsStandalone target not found
Refreshing native plugins compatible for Editor in 43.93 ms, found 0 plugins.
Preloading 0 native plugins for Editor in 0.00 ms.
Invoked RoslynAnalysisRunner static constructor.
RoslynAnalysisRunner will not be running.
RoslynAnalysisRunner has terminated.
Mono: successfully reloaded assembly
- Completed reload, in  0.900 seconds
Platform modules already initialized, skipping
Registering precompiled user dll's ...
Registered in 0.002161 seconds.
Begin MonoManager ReloadAssembly
Native extension for WindowsStandalone target not found
Refreshing native plugins compatible for Editor in 0.56 ms, found 0 plugins.
Preloading 0 native plugins for Editor in 0.00 ms.
Invoked RoslynAnalysisRunner static constructor.
RoslynAnalysisRunner will not be running.
RoslynAnalysisRunner has terminated.
Mono: successfully reloaded assembly
- Completed reload, in  1.040 seconds
Platform modules already initialized, skipping
========================================================================
Worker process is ready to serve import requests
Launched and connected shader compiler UnityShaderCompiler.exe after 0.05 seconds
Refreshing native plugins compatible for Editor in 0.54 ms, found 0 plugins.
Preloading 0 native plugins for Editor in 0.00 ms.
Unloading 1430 Unused Serialized files (Serialized files now loaded: 0)
System memory in use before: 69.0 MB.
System memory in use after: 69.1 MB.

Unloading 33 unused Assets to reduce memory usage. Loaded Objects now: 1862.
Total: 2.335700 ms (FindLiveObjects: 0.198800 ms CreateObjectMapping: 0.039800 ms MarkObjects: 2.011100 ms  DeleteObjects: 0.084700 ms)

========================================================================
Received Import Request.
  path: Assets/Scene/DemoImageSettings.lighting
  artifactKey: Guid(5886ba47420c5e6478ed59520743a68b) Importer(815301076,1909f56bfc062723c751e8b465ee728b)
Start importing Assets/Scene/DemoImageSettings.lighting using Guid(5886ba47420c5e6478ed59520743a68b) Importer(815301076,1909f56bfc062723c751e8b465ee728b) LightingSettings: switching bake backend from 1 to 0.
 -> (artifact id: 'aaece356ba5e0bfcb49f754c03528f48') in 0.050536 seconds
  Import took 0.054049 seconds .

========================================================================
Received Import Request.
  Time since last request: 3.727608 seconds.
  path: Assets/Scene/Level1MapSettings.lighting
  artifactKey: Guid(895d891946be29d4c8dcedeb72b7f253) Importer(815301076,1909f56bfc062723c751e8b465ee728b)
Start importing Assets/Scene/Level1MapSettings.lighting using Guid(895d891946be29d4c8dcedeb72b7f253) Importer(815301076,1909f56bfc062723c751e8b465ee728b) LightingSettings: switching bake backend from 1 to 0.
 -> (artifact id: '6e9827b2793dadbc3b5703d8618b65ad') in 0.007305 seconds
  Import took 0.009954 seconds .

========================================================================
Received Import Request.
  Time since last request: 0.000955 seconds.
  path: Assets/Scene/Level1MapSettings.lighting
  artifactKey: Guid(895d891946be29d4c8dcedeb72b7f253) Importer(815301076,1909f56bfc062723c751e8b465ee728b)
Start importing Assets/Scene/Level1MapSettings.lighting using Guid(895d891946be29d4c8dcedeb72b7f253) Importer(815301076,1909f56bfc062723c751e8b465ee728b) LightingSettings: switching bake backend from 1 to 0.
 -> (artifact id: '6e9827b2793dadbc3b5703d8618b65ad') in 0.002567 seconds
  Import took 0.005092 seconds .

========================================================================
Received Import Request.
  Time since last request: 36.945940 seconds.
  path: Assets/Scripts/Level1Script/LevelUIRoot.cs
  artifactKey: Guid(4d1c468e73f04f0479d4e277eaa4af73) Importer(815301076,1909f56bfc062723c751e8b465ee728b)
Start importing Assets/Scripts/Level1Script/LevelUIRoot.cs using Guid(4d1c468e73f04f0479d4e277eaa4af73) Importer(815301076,1909f56bfc062723c751e8b465ee728b)  -> (artifact id: '27a48758f55682670368858b43aee6cd') in 0.062075 seconds
  Import took 0.064719 seconds .

========================================================================
Received Import Request.
  Time since last request: 10.443005 seconds.
  path: Assets/Scripts/Level1Script/PlayCamera.cs
  artifactKey: Guid(11c7dda6f020ff94e9c4bf1a966e0027) Importer(815301076,1909f56bfc062723c751e8b465ee728b)
Start importing Assets/Scripts/Level1Script/PlayCamera.cs using Guid(11c7dda6f020ff94e9c4bf1a966e0027) Importer(815301076,1909f56bfc062723c751e8b465ee728b)  -> (artifact id: 'ee52ac6bf4a1d3579a1e18464f9155ca') in 0.006456 seconds
  Import took 0.009140 seconds .

========================================================================
Received Import Request.
  Time since last request: 2.641568 seconds.
  path: Assets/Scripts/Level1Script/SavePoint.cs
  artifactKey: Guid(a2d4727197379404c91ae564bb33943b) Importer(815301076,1909f56bfc062723c751e8b465ee728b)
Start importing Assets/Scripts/Level1Script/SavePoint.cs using Guid(a2d4727197379404c91ae564bb33943b) Importer(815301076,1909f56bfc062723c751e8b465ee728b)  -> (artifact id: '7239effaa8a7b173c71ca327e740830f') in 0.006740 seconds
  Import took 0.009503 seconds .

========================================================================
Received Import Request.
  Time since last request: 0.001466 seconds.
  path: Assets/Scripts/Level1Script/SavePoint.cs
  artifactKey: Guid(a2d4727197379404c91ae564bb33943b) Importer(815301076,1909f56bfc062723c751e8b465ee728b)
Start importing Assets/Scripts/Level1Script/SavePoint.cs using Guid(a2d4727197379404c91ae564bb33943b) Importer(815301076,1909f56bfc062723c751e8b465ee728b)  -> (artifact id: '7239effaa8a7b173c71ca327e740830f') in 0.002026 seconds
  Import took 0.004724 seconds .

========================================================================
Received Import Request.
  Time since last request: 3.994409 seconds.
  path: Assets/Scripts/Level1Script/TrapController.cs
  artifactKey: Guid(4bc843138be2cf24abaaa15ae6e5203d) Importer(815301076,1909f56bfc062723c751e8b465ee728b)
Start importing Assets/Scripts/Level1Script/TrapController.cs using Guid(4bc843138be2cf24abaaa15ae6e5203d) Importer(815301076,1909f56bfc062723c751e8b465ee728b)  -> (artifact id: '58dbd25f58fd64001ed0ac98349b0223') in 0.006744 seconds
  Import took 0.009551 seconds .

========================================================================
Received Import Request.
  Time since last request: 15.052044 seconds.
  path: Assets/Materials/whiteMater.mat
  artifactKey: Guid(1dd32cfb3138e984e8da045f2d250f08) Importer(815301076,1909f56bfc062723c751e8b465ee728b)
Start importing Assets/Materials/whiteMater.mat using Guid(1dd32cfb3138e984e8da045f2d250f08) Importer(815301076,1909f56bfc062723c751e8b465ee728b)  -> (artifact id: '3fe06acd0009907f270903b711302292') in 0.102369 seconds
  Import took 0.105458 seconds .

========================================================================
Received Import Request.
  Time since last request: 3.579583 seconds.
  path: Assets/Materials/blackMater.mat
  artifactKey: Guid(e85a0cb7c2cd44644817121ddaa4d979) Importer(815301076,1909f56bfc062723c751e8b465ee728b)
Start importing Assets/Materials/blackMater.mat using Guid(e85a0cb7c2cd44644817121ddaa4d979) Importer(815301076,1909f56bfc062723c751e8b465ee728b)  -> (artifact id: '0dc6aaad92c7d2802311cad4a47eceba') in 0.014094 seconds
  Import took 0.016846 seconds .

========================================================================
Received Import Request.
  Time since last request: 0.010042 seconds.
  path: Assets/Materials/blackMater.mat
  artifactKey: Guid(e85a0cb7c2cd44644817121ddaa4d979) Importer(815301076,1909f56bfc062723c751e8b465ee728b)
Start importing Assets/Materials/blackMater.mat using Guid(e85a0cb7c2cd44644817121ddaa4d979) Importer(815301076,1909f56bfc062723c751e8b465ee728b)  -> (artifact id: '0dc6aaad92c7d2802311cad4a47eceba') in 0.007763 seconds
  Import took 0.010675 seconds .

AssetImportWorkerClient::OnTransportError - code=2 error=End of file
